
ResourceGroupName : atsushi.koizumi.arm
Location          : eastus
ProvisioningState : Succeeded
Tags              : 
                    Name   Value          
                    =====  ===============
                    Env    arm.templete   
                    Owner  atsushi.koizumi
                    
ResourceId        : /subscriptions/71e0001a-0944-4a79-a3ec-5db6b44ab936/resourceGroups/atsushi.koizumi.arm



DeploymentName          : network-20210115214249
ResourceGroupName       : atsushi.koizumi.arm
ProvisioningState       : Succeeded
Timestamp               : 1/15/2021 12:43:38 PM
Mode                    : Incremental
TemplateLink            : 
Parameters              : 
                          Name              Type                       Value     
                          ================  =========================  ==========
                          location          String                     eastus    
                          publicDNSLabel    String                     azwin2019 
                          
Outputs                 : 
DeploymentDebugLogLevel : 



ResourceGroupName : atsushi.koizumi.arm
Location          : eastus
ProvisioningState : Succeeded
Tags              : 
                    Name   Value          
                    =====  ===============
                    Env    arm.templete   
                    Owner  atsushi.koizumi
                    
ResourceId        : /subscriptions/71e0001a-0944-4a79-a3ec-5db6b44ab936/resourceGroups/atsushi.koizumi.arm



ResourceGroupName : atsushi.koizumi.network
Location          : eastus
ProvisioningState : Succeeded
Tags              : 
                    Name     Value
                    =======  =====
                    Env           
                    Owner         
                    Service       
                    
ResourceId        : /subscriptions/71e0001a-0944-4a79-a3ec-5db6b44ab936/resourceGroups/atsushi.koizumi.network



DeploymentName          : network-20210116112152
ResourceGroupName       : atsushi.koizumi.network
ProvisioningState       : Succeeded
Timestamp               : 1/16/2021 2:23:00 AM
Mode                    : Incremental
TemplateLink            : 
Parameters              : 
                          Name               Type                       Value     
                          =================  =========================  ==========
                          ownerName          String                     atsushi.koizumi
                          serviceName        String                     arm       
                          environmentName    String                     dev       
                          myhomeIPaddress    String                     60.104.132.36/32
                          
Outputs                 : 
DeploymentDebugLogLevel : 



ResourceGroupName : atsushi.koizumi.virtualmachine
Location          : eastus
ProvisioningState : Succeeded
Tags              : 
                    Name     Value
                    =======  =====
                    Env           
                    Owner         
                    Service       
                    
ResourceId        : /subscriptions/71e0001a-0944-4a79-a3ec-5db6b44ab936/resourceGroups/atsushi.koizumi.virtualmachine



ResourceGroupName : atsushi.koizumi.network
Location          : eastus
ProvisioningState : Succeeded
Tags              : 
ResourceId        : /subscriptions/71e0001a-0944-4a79-a3ec-5db6b44ab936/resourceGroups/atsushi.koizumi.network


